Using pre-set license
Built from '2020.3/release' branch; Version is '2020.3.12f1 (b3b2c6512326) revision 11776710'; Using compiler version '192528614'; Build Type 'Release'
OS: 'Windows 10 Home; OS build 19042.1466; Version 2009; 64bit' Language: 'da' Physical Memory: 16344 MB
BatchMode: 1, IsHumanControllingUs: 0, StartBugReporterOnCrash: 0, Is64bit: 1, IsPro: 0

 COMMAND LINE ARGUMENTS:
C:\Program Files\Unity\Hub\Editor\2020.3.12f1\Editor\Unity.exe
-adb2
-batchMode
-noUpm
-name
AssetImportWorker0
-projectPath
C:/Users/dkste/Desktop/Spil/Farwest Project/Farwest-Development/Farwest-Development/Farwest
-logFile
Logs/AssetImportWorker0.log
-srvPort
54152
Successfully changed project path to: C:/Users/dkste/Desktop/Spil/Farwest Project/Farwest-Development/Farwest-Development/Farwest
C:/Users/dkste/Desktop/Spil/Farwest Project/Farwest-Development/Farwest-Development/Farwest
Using Asset Import Pipeline V2.
Refreshing native plugins compatible for Editor in 40.51 ms, found 2 plugins.
Preloading 0 native plugins for Editor in 0.00 ms.
Initialize engine version: 2020.3.12f1 (b3b2c6512326)
[Subsystems] Discovering subsystems at path C:/Program Files/Unity/Hub/Editor/2020.3.12f1/Editor/Data/Resources/UnitySubsystems
[Subsystems] Discovering subsystems at path C:/Users/dkste/Desktop/Spil/Farwest Project/Farwest-Development/Farwest-Development/Farwest/Assets
GfxDevice: creating device client; threaded=0
Direct3D:
    Version:  Direct3D 11.0 [level 11.1]
    Renderer: NVIDIA GeForce GTX 1080 (ID=0x1b80)
    Vendor:   
    VRAM:     8079 MB
    Driver:   30.0.14.9729
Initialize mono
Mono path[0] = 'C:/Program Files/Unity/Hub/Editor/2020.3.12f1/Editor/Data/Managed'
Mono path[1] = 'C:/Program Files/Unity/Hub/Editor/2020.3.12f1/Editor/Data/MonoBleedingEdge/lib/mono/unityjit'
Mono config path = 'C:/Program Files/Unity/Hub/Editor/2020.3.12f1/Editor/Data/MonoBleedingEdge/etc'
Using monoOptions --debugger-agent=transport=dt_socket,embedding=1,server=y,suspend=n,address=127.0.0.1:56124
Begin MonoManager ReloadAssembly
Registering precompiled unity dll's ...
Register platform support module: C:/Program Files/Unity/Hub/Editor/2020.3.12f1/Editor/Data/PlaybackEngines/WindowsStandaloneSupport/UnityEditor.WindowsStandalone.Extensions.dll
Registered in 0.003256 seconds.
Native extension for WindowsStandalone target not found
Refreshing native plugins compatible for Editor in 37.77 ms, found 2 plugins.
Preloading 0 native plugins for Editor in 0.00 ms.
Mono: successfully reloaded assembly
- Completed reload, in  1.392 seconds
Platform modules already initialized, skipping
Registering precompiled user dll's ...
Registered in 0.005902 seconds.
Begin MonoManager ReloadAssembly
Native extension for WindowsStandalone target not found
Refreshing native plugins compatible for Editor in 0.34 ms, found 2 plugins.
Preloading 0 native plugins for Editor in 0.00 ms.
Mono: successfully reloaded assembly
- Completed reload, in  4.107 seconds
Platform modules already initialized, skipping
========================================================================
Worker process is ready to serve import requests
Launched and connected shader compiler UnityShaderCompiler.exe after 0.05 seconds
Refreshing native plugins compatible for Editor in 0.33 ms, found 2 plugins.
Preloading 0 native plugins for Editor in 0.00 ms.
Unloading 1418 Unused Serialized files (Serialized files now loaded: 0)
System memory in use before: 81.2 MB.
System memory in use after: 81.3 MB.

Unloading 19 unused Assets to reduce memory usage. Loaded Objects now: 1869.
Total: 1.977500 ms (FindLiveObjects: 0.150800 ms CreateObjectMapping: 0.047700 ms MarkObjects: 1.678500 ms  DeleteObjects: 0.099400 ms)

AssetImportParameters requested are different than current active one (requested -> active):
  custom:framework-win-MediaFoundation: 216162199b28c13a410421893ffa2e32 -> 
  custom:video-decoder-ogg-theora: a1e56fd34408186e4bbccfd4996cb3dc -> 
  custom:container-muxer-webm: aa71ff27fc2769a1b78a27578f13a17b -> 
  custom:container-demuxer-webm: 4f35f7cbe854078d1ac9338744f61a02 -> 
  custom:container-demuxer-ogg: 62fdf1f143b41e24485cea50d1cbac27 -> 
  custom:video-encoder-webm-vp8: eb34c28f22e8b96e1ab97ce403110664 -> 
  custom:video-decoder-webm-vp8: 9c59270c3fd7afecdb556c50c9e8de78 -> 
  custom:audio-decoder-ogg-vorbis: bf7c407c2cedff20999df2af8eb42d56 -> 
  custom:audio-encoder-webm-vorbis: bf7c407c2cedff20999df2af8eb42d56 -> 
========================================================================
Received Import Request.
  path: Assets/Scripts/UI
  artifactKey: Guid(a526d826eb17cba47b7cd98036331d14) Importer(815301076,1909f56bfc062723c751e8b465ee728b)
Start importing Assets/Scripts/UI using Guid(a526d826eb17cba47b7cd98036331d14) Importer(815301076,1909f56bfc062723c751e8b465ee728b)  -> (artifact id: '39f66c0e9869f14f260672e8912c909c') in 0.012294 seconds 
  Import took 0.014800 seconds .

========================================================================
Received Import Request.
  Time since last request: 0.000296 seconds.
  path: Assets/Scripts/UI/MoneyScript.cs
  artifactKey: Guid(c03cdcda9311a7d4c8234695aca5bc11) Importer(815301076,1909f56bfc062723c751e8b465ee728b)
Start importing Assets/Scripts/UI/MoneyScript.cs using Guid(c03cdcda9311a7d4c8234695aca5bc11) Importer(815301076,1909f56bfc062723c751e8b465ee728b)  -> (artifact id: 'b04e3ba07adbd8c36dfc9dfb2feb2ae9') in 0.048334 seconds 
  Import took 0.050756 seconds .

========================================================================
Received Prepare
Registering precompiled user dll's ...
Registered in 0.008216 seconds.
Begin MonoManager ReloadAssembly
Native extension for WindowsStandalone target not found
Refreshing native plugins compatible for Editor in 0.34 ms, found 2 plugins.
Preloading 0 native plugins for Editor in 0.00 ms.
Mono: successfully reloaded assembly
- Completed reload, in  1.141 seconds
Platform modules already initialized, skipping
Refreshing native plugins compatible for Editor in 0.34 ms, found 2 plugins.
Preloading 0 native plugins for Editor in 0.00 ms.
Unloading 1400 Unused Serialized files (Serialized files now loaded: 0)
System memory in use before: 79.9 MB.
System memory in use after: 80.0 MB.

Unloading 14 unused Assets to reduce memory usage. Loaded Objects now: 1872.
Total: 2.231600 ms (FindLiveObjects: 0.136000 ms CreateObjectMapping: 0.042700 ms MarkObjects: 1.966800 ms  DeleteObjects: 0.084900 ms)

AssetImportParameters requested are different than current active one (requested -> active):
  custom:framework-win-MediaFoundation: 216162199b28c13a410421893ffa2e32 -> 
  custom:video-decoder-ogg-theora: a1e56fd34408186e4bbccfd4996cb3dc -> 
  custom:container-muxer-webm: aa71ff27fc2769a1b78a27578f13a17b -> 
  custom:container-demuxer-webm: 4f35f7cbe854078d1ac9338744f61a02 -> 
  custom:container-demuxer-ogg: 62fdf1f143b41e24485cea50d1cbac27 -> 
  custom:video-encoder-webm-vp8: eb34c28f22e8b96e1ab97ce403110664 -> 
  custom:video-decoder-webm-vp8: 9c59270c3fd7afecdb556c50c9e8de78 -> 
  custom:audio-decoder-ogg-vorbis: bf7c407c2cedff20999df2af8eb42d56 -> 
  custom:audio-encoder-webm-vorbis: bf7c407c2cedff20999df2af8eb42d56 -> 
========================================================================
Received Prepare
Registering precompiled user dll's ...
Registered in 0.007109 seconds.
Begin MonoManager ReloadAssembly
Native extension for WindowsStandalone target not found
Refreshing native plugins compatible for Editor in 0.34 ms, found 2 plugins.
Preloading 0 native plugins for Editor in 0.00 ms.
Mono: successfully reloaded assembly
- Completed reload, in  1.185 seconds
Platform modules already initialized, skipping
Refreshing native plugins compatible for Editor in 0.34 ms, found 2 plugins.
Preloading 0 native plugins for Editor in 0.00 ms.
Unloading 1400 Unused Serialized files (Serialized files now loaded: 0)
System memory in use before: 79.9 MB.
System memory in use after: 80.0 MB.

Unloading 14 unused Assets to reduce memory usage. Loaded Objects now: 1875.
Total: 1.777800 ms (FindLiveObjects: 0.126300 ms CreateObjectMapping: 0.039600 ms MarkObjects: 1.551100 ms  DeleteObjects: 0.059800 ms)

AssetImportParameters requested are different than current active one (requested -> active):
  custom:framework-win-MediaFoundation: 216162199b28c13a410421893ffa2e32 -> 
  custom:video-decoder-ogg-theora: a1e56fd34408186e4bbccfd4996cb3dc -> 
  custom:container-muxer-webm: aa71ff27fc2769a1b78a27578f13a17b -> 
  custom:container-demuxer-webm: 4f35f7cbe854078d1ac9338744f61a02 -> 
  custom:container-demuxer-ogg: 62fdf1f143b41e24485cea50d1cbac27 -> 
  custom:video-encoder-webm-vp8: eb34c28f22e8b96e1ab97ce403110664 -> 
  custom:video-decoder-webm-vp8: 9c59270c3fd7afecdb556c50c9e8de78 -> 
  custom:audio-decoder-ogg-vorbis: bf7c407c2cedff20999df2af8eb42d56 -> 
  custom:audio-encoder-webm-vorbis: bf7c407c2cedff20999df2af8eb42d56 -> 
========================================================================
Received Prepare
Registering precompiled user dll's ...
Registered in 0.016268 seconds.
Begin MonoManager ReloadAssembly
Native extension for WindowsStandalone target not found
Refreshing native plugins compatible for Editor in 0.41 ms, found 2 plugins.
Preloading 0 native plugins for Editor in 0.00 ms.
Mono: successfully reloaded assembly
- Completed reload, in  1.677 seconds
Platform modules already initialized, skipping
Refreshing native plugins compatible for Editor in 0.35 ms, found 2 plugins.
Preloading 0 native plugins for Editor in 0.00 ms.
Unloading 1400 Unused Serialized files (Serialized files now loaded: 0)
System memory in use before: 79.9 MB.
System memory in use after: 80.0 MB.

Unloading 14 unused Assets to reduce memory usage. Loaded Objects now: 1878.
Total: 2.486700 ms (FindLiveObjects: 0.265200 ms CreateObjectMapping: 0.092300 ms MarkObjects: 2.062400 ms  DeleteObjects: 0.064900 ms)

AssetImportParameters requested are different than current active one (requested -> active):
  custom:framework-win-MediaFoundation: 216162199b28c13a410421893ffa2e32 -> 
  custom:video-decoder-ogg-theora: a1e56fd34408186e4bbccfd4996cb3dc -> 
  custom:container-muxer-webm: aa71ff27fc2769a1b78a27578f13a17b -> 
  custom:container-demuxer-webm: 4f35f7cbe854078d1ac9338744f61a02 -> 
  custom:container-demuxer-ogg: 62fdf1f143b41e24485cea50d1cbac27 -> 
  custom:video-encoder-webm-vp8: eb34c28f22e8b96e1ab97ce403110664 -> 
  custom:video-decoder-webm-vp8: 9c59270c3fd7afecdb556c50c9e8de78 -> 
  custom:audio-decoder-ogg-vorbis: bf7c407c2cedff20999df2af8eb42d56 -> 
  custom:audio-encoder-webm-vorbis: bf7c407c2cedff20999df2af8eb42d56 -> 
========================================================================
Received Import Request.
  Time since last request: 558.564588 seconds.
  path: Assets/Models/Props/Trees/Pinetree/stages/Level 2/Level 3/Level 4/pinetree_level4_bottom 1.fbx
  artifactKey: Guid(d644ede928101fb4dadc1c666624aa5b) Importer(815301076,1909f56bfc062723c751e8b465ee728b)
Start importing Assets/Models/Props/Trees/Pinetree/stages/Level 2/Level 3/Level 4/pinetree_level4_bottom 1.fbx using Guid(d644ede928101fb4dadc1c666624aa5b) Importer(815301076,1909f56bfc062723c751e8b465ee728b)  -> (artifact id: '6f404ef088dfa91daa6e539480bf1607') in 0.230510 seconds 
  Import took 0.234244 seconds .

========================================================================
Received Import Request.
  Time since last request: 0.000327 seconds.
  path: Assets/Models/Props/Trees/Pinetree/stages/Level 2/Level 3/Level 4/pinetree_level4_top 1.fbx
  artifactKey: Guid(18481d865af0038449daf63d229caace) Importer(815301076,1909f56bfc062723c751e8b465ee728b)
Start importing Assets/Models/Props/Trees/Pinetree/stages/Level 2/Level 3/Level 4/pinetree_level4_top 1.fbx using Guid(18481d865af0038449daf63d229caace) Importer(815301076,1909f56bfc062723c751e8b465ee728b)  -> (artifact id: 'a94fc3ef43884ecfdba10b777bd3c9c0') in 0.056793 seconds 
  Import took 0.060351 seconds .

========================================================================
Received Import Request.
  Time since last request: 11.991036 seconds.
  path: Assets/Models/Props/Trees/Pinetree/stages/Level 2/Level 3/Level 4/pinetree_level4_bottom.fbx
  artifactKey: Guid(36804d233d3df2944be2e0327d485fcb) Importer(815301076,1909f56bfc062723c751e8b465ee728b)
Start importing Assets/Models/Props/Trees/Pinetree/stages/Level 2/Level 3/Level 4/pinetree_level4_bottom.fbx using Guid(36804d233d3df2944be2e0327d485fcb) Importer(815301076,1909f56bfc062723c751e8b465ee728b)  -> (artifact id: '7ee58f47151dfe0651e45430bdaa6222') in 0.028482 seconds 
  Import took 0.032802 seconds .

========================================================================
Received Import Request.
  Time since last request: 0.000334 seconds.
  path: Assets/Models/Props/Trees/Pinetree/stages/Level 2/Level 3/Level 4/pinetree_level4_top.fbx
  artifactKey: Guid(7fafb59be8e3d8e4088441460ae5526d) Importer(815301076,1909f56bfc062723c751e8b465ee728b)
Start importing Assets/Models/Props/Trees/Pinetree/stages/Level 2/Level 3/Level 4/pinetree_level4_top.fbx using Guid(7fafb59be8e3d8e4088441460ae5526d) Importer(815301076,1909f56bfc062723c751e8b465ee728b)  -> (artifact id: '4d17185b42ea1b65d8ca4db53cb8db46') in 0.023113 seconds 
  Import took 0.026560 seconds .

========================================================================
Received Import Request.
  Time since last request: 2058.155181 seconds.
  path: Assets/Models/Props/Trees/Pinetree/stages/Level 2/Level 3/Level 4/pinetree_level4_bottom.fbx
  artifactKey: Guid(36804d233d3df2944be2e0327d485fcb) Importer(815301076,1909f56bfc062723c751e8b465ee728b)
Start importing Assets/Models/Props/Trees/Pinetree/stages/Level 2/Level 3/Level 4/pinetree_level4_bottom.fbx using Guid(36804d233d3df2944be2e0327d485fcb) Importer(815301076,1909f56bfc062723c751e8b465ee728b)  -> (artifact id: 'fee9726ae691671d1ede53b88f1f5409') in 0.037887 seconds 
  Import took 0.042279 seconds .

========================================================================
Received Import Request.
  Time since last request: 0.000360 seconds.
  path: Assets/Models/Props/Trees/Pinetree/stages/Level 2/Level 3/Level 4/pinetree_level4_top.fbx
  artifactKey: Guid(7fafb59be8e3d8e4088441460ae5526d) Importer(815301076,1909f56bfc062723c751e8b465ee728b)
Start importing Assets/Models/Props/Trees/Pinetree/stages/Level 2/Level 3/Level 4/pinetree_level4_top.fbx using Guid(7fafb59be8e3d8e4088441460ae5526d) Importer(815301076,1909f56bfc062723c751e8b465ee728b)  -> (artifact id: '779e7c122bb45cd58a56d236c1248cdd') in 0.022995 seconds 
  Import took 0.025915 seconds .

========================================================================
Received Import Request.
  Time since last request: 29.540243 seconds.
  path: Assets/Models/Props/Trees/Pinetree/stages/Level 2/Level 3/Level 4/Level 5/pinetree_level5_part1.fbx
  artifactKey: Guid(2cd2a63661d36774dbc6a029521eb390) Importer(815301076,1909f56bfc062723c751e8b465ee728b)
Start importing Assets/Models/Props/Trees/Pinetree/stages/Level 2/Level 3/Level 4/Level 5/pinetree_level5_part1.fbx using Guid(2cd2a63661d36774dbc6a029521eb390) Importer(815301076,1909f56bfc062723c751e8b465ee728b)  -> (artifact id: 'e7bf9d78d75d599b7fe6d91ece2db4fd') in 0.027687 seconds 
  Import took 0.031234 seconds .

========================================================================
Received Import Request.
  Time since last request: 0.000316 seconds.
  path: Assets/Models/Props/Trees/Pinetree/stages/Level 2/Level 3/Level 4/Level 5/pinetree_level5_part3.fbx
  artifactKey: Guid(2e0dbd49fb72e5947b8a5432cc9f9cd0) Importer(815301076,1909f56bfc062723c751e8b465ee728b)
Start importing Assets/Models/Props/Trees/Pinetree/stages/Level 2/Level 3/Level 4/Level 5/pinetree_level5_part3.fbx using Guid(2e0dbd49fb72e5947b8a5432cc9f9cd0) Importer(815301076,1909f56bfc062723c751e8b465ee728b)  -> (artifact id: '8cfd5a5005ccfdfaa28dd426580c08ae') in 0.024197 seconds 
  Import took 0.026648 seconds .

========================================================================
Received Import Request.
  Time since last request: 0.000341 seconds.
  path: Assets/Models/Props/Trees/Pinetree/stages/Level 2/Level 3/Level 4/Level 5/pinetree_level5_part4.fbx
  artifactKey: Guid(80337f5137582da4cb39907e0a2badec) Importer(815301076,1909f56bfc062723c751e8b465ee728b)
Start importing Assets/Models/Props/Trees/Pinetree/stages/Level 2/Level 3/Level 4/Level 5/pinetree_level5_part4.fbx using Guid(80337f5137582da4cb39907e0a2badec) Importer(815301076,1909f56bfc062723c751e8b465ee728b)  -> (artifact id: 'e00a873d86725af04e1587a36fa24efc') in 0.023562 seconds 
  Import took 0.026348 seconds .

========================================================================
Received Import Request.
  Time since last request: 0.000359 seconds.
  path: Assets/Models/Props/Trees/Pinetree/stages/Level 2/Level 3/Level 4/Level 5/pinetree_level5_part2.fbx
  artifactKey: Guid(3a3de054eedd81c41888043660d7a674) Importer(815301076,1909f56bfc062723c751e8b465ee728b)
Start importing Assets/Models/Props/Trees/Pinetree/stages/Level 2/Level 3/Level 4/Level 5/pinetree_level5_part2.fbx using Guid(3a3de054eedd81c41888043660d7a674) Importer(815301076,1909f56bfc062723c751e8b465ee728b)  -> (artifact id: '611464a1508edec8249c468b24562408') in 0.026767 seconds 
  Import took 0.029992 seconds .

========================================================================
Received Prepare
Registering precompiled user dll's ...
Registered in 0.006046 seconds.
Begin MonoManager ReloadAssembly
Native extension for WindowsStandalone target not found
Refreshing native plugins compatible for Editor in 0.34 ms, found 2 plugins.
Preloading 0 native plugins for Editor in 0.00 ms.
Mono: successfully reloaded assembly
- Completed reload, in  1.270 seconds
Platform modules already initialized, skipping
Refreshing native plugins compatible for Editor in 0.34 ms, found 2 plugins.
Preloading 0 native plugins for Editor in 0.00 ms.
Unloading 1400 Unused Serialized files (Serialized files now loaded: 0)
System memory in use before: 83.4 MB.
System memory in use after: 83.5 MB.

Unloading 14 unused Assets to reduce memory usage. Loaded Objects now: 1924.
Total: 2.470500 ms (FindLiveObjects: 0.181500 ms CreateObjectMapping: 0.043500 ms MarkObjects: 2.177300 ms  DeleteObjects: 0.067100 ms)

AssetImportParameters requested are different than current active one (requested -> active):
  custom:framework-win-MediaFoundation: 216162199b28c13a410421893ffa2e32 -> 
  custom:video-decoder-ogg-theora: a1e56fd34408186e4bbccfd4996cb3dc -> 
  custom:container-muxer-webm: aa71ff27fc2769a1b78a27578f13a17b -> 
  custom:container-demuxer-webm: 4f35f7cbe854078d1ac9338744f61a02 -> 
  custom:container-demuxer-ogg: 62fdf1f143b41e24485cea50d1cbac27 -> 
  custom:video-encoder-webm-vp8: eb34c28f22e8b96e1ab97ce403110664 -> 
  custom:video-decoder-webm-vp8: 9c59270c3fd7afecdb556c50c9e8de78 -> 
  custom:audio-decoder-ogg-vorbis: bf7c407c2cedff20999df2af8eb42d56 -> 
  custom:audio-encoder-webm-vorbis: bf7c407c2cedff20999df2af8eb42d56 -> 
========================================================================
Received Prepare
Registering precompiled user dll's ...
Registered in 0.008795 seconds.
Begin MonoManager ReloadAssembly
Native extension for WindowsStandalone target not found
Refreshing native plugins compatible for Editor in 0.45 ms, found 2 plugins.
Preloading 0 native plugins for Editor in 0.00 ms.
Mono: successfully reloaded assembly
- Completed reload, in  1.645 seconds
Platform modules already initialized, skipping
Refreshing native plugins compatible for Editor in 0.39 ms, found 2 plugins.
Preloading 0 native plugins for Editor in 0.00 ms.
Unloading 1400 Unused Serialized files (Serialized files now loaded: 0)
System memory in use before: 83.4 MB.
System memory in use after: 83.5 MB.

Unloading 14 unused Assets to reduce memory usage. Loaded Objects now: 1927.
Total: 2.470700 ms (FindLiveObjects: 0.176600 ms CreateObjectMapping: 0.050400 ms MarkObjects: 2.178700 ms  DeleteObjects: 0.063000 ms)

AssetImportParameters requested are different than current active one (requested -> active):
  custom:framework-win-MediaFoundation: 216162199b28c13a410421893ffa2e32 -> 
  custom:video-decoder-ogg-theora: a1e56fd34408186e4bbccfd4996cb3dc -> 
  custom:container-muxer-webm: aa71ff27fc2769a1b78a27578f13a17b -> 
  custom:container-demuxer-webm: 4f35f7cbe854078d1ac9338744f61a02 -> 
  custom:container-demuxer-ogg: 62fdf1f143b41e24485cea50d1cbac27 -> 
  custom:video-encoder-webm-vp8: eb34c28f22e8b96e1ab97ce403110664 -> 
  custom:video-decoder-webm-vp8: 9c59270c3fd7afecdb556c50c9e8de78 -> 
  custom:audio-decoder-ogg-vorbis: bf7c407c2cedff20999df2af8eb42d56 -> 
  custom:audio-encoder-webm-vorbis: bf7c407c2cedff20999df2af8eb42d56 -> 
========================================================================
Received Prepare
Registering precompiled user dll's ...
Registered in 0.006249 seconds.
Begin MonoManager ReloadAssembly
Native extension for WindowsStandalone target not found
Refreshing native plugins compatible for Editor in 0.52 ms, found 2 plugins.
Preloading 0 native plugins for Editor in 0.00 ms.
Mono: successfully reloaded assembly
- Completed reload, in  1.123 seconds
Platform modules already initialized, skipping
Refreshing native plugins compatible for Editor in 0.40 ms, found 2 plugins.
Preloading 0 native plugins for Editor in 0.00 ms.
Unloading 1400 Unused Serialized files (Serialized files now loaded: 0)
System memory in use before: 83.4 MB.
System memory in use after: 83.5 MB.

Unloading 14 unused Assets to reduce memory usage. Loaded Objects now: 1930.
Total: 2.647000 ms (FindLiveObjects: 0.146200 ms CreateObjectMapping: 0.044400 ms MarkObjects: 2.375000 ms  DeleteObjects: 0.080100 ms)

AssetImportParameters requested are different than current active one (requested -> active):
  custom:framework-win-MediaFoundation: 216162199b28c13a410421893ffa2e32 -> 
  custom:video-decoder-ogg-theora: a1e56fd34408186e4bbccfd4996cb3dc -> 
  custom:container-muxer-webm: aa71ff27fc2769a1b78a27578f13a17b -> 
  custom:container-demuxer-webm: 4f35f7cbe854078d1ac9338744f61a02 -> 
  custom:container-demuxer-ogg: 62fdf1f143b41e24485cea50d1cbac27 -> 
  custom:video-encoder-webm-vp8: eb34c28f22e8b96e1ab97ce403110664 -> 
  custom:video-decoder-webm-vp8: 9c59270c3fd7afecdb556c50c9e8de78 -> 
  custom:audio-decoder-ogg-vorbis: bf7c407c2cedff20999df2af8eb42d56 -> 
  custom:audio-encoder-webm-vorbis: bf7c407c2cedff20999df2af8eb42d56 -> 
========================================================================
Received Prepare
Registering precompiled user dll's ...
Registered in 0.008692 seconds.
Begin MonoManager ReloadAssembly
Native extension for WindowsStandalone target not found
Refreshing native plugins compatible for Editor in 0.42 ms, found 2 plugins.
Preloading 0 native plugins for Editor in 0.00 ms.
Mono: successfully reloaded assembly
- Completed reload, in  1.874 seconds
Platform modules already initialized, skipping
Refreshing native plugins compatible for Editor in 0.43 ms, found 2 plugins.
Preloading 0 native plugins for Editor in 0.00 ms.
Unloading 1400 Unused Serialized files (Serialized files now loaded: 0)
System memory in use before: 83.4 MB.
System memory in use after: 83.5 MB.

Unloading 14 unused Assets to reduce memory usage. Loaded Objects now: 1933.
Total: 2.685600 ms (FindLiveObjects: 0.152300 ms CreateObjectMapping: 0.046100 ms MarkObjects: 2.424200 ms  DeleteObjects: 0.061700 ms)

AssetImportParameters requested are different than current active one (requested -> active):
  custom:framework-win-MediaFoundation: 216162199b28c13a410421893ffa2e32 -> 
  custom:video-decoder-ogg-theora: a1e56fd34408186e4bbccfd4996cb3dc -> 
  custom:container-muxer-webm: aa71ff27fc2769a1b78a27578f13a17b -> 
  custom:container-demuxer-webm: 4f35f7cbe854078d1ac9338744f61a02 -> 
  custom:container-demuxer-ogg: 62fdf1f143b41e24485cea50d1cbac27 -> 
  custom:video-encoder-webm-vp8: eb34c28f22e8b96e1ab97ce403110664 -> 
  custom:video-decoder-webm-vp8: 9c59270c3fd7afecdb556c50c9e8de78 -> 
  custom:audio-decoder-ogg-vorbis: bf7c407c2cedff20999df2af8eb42d56 -> 
  custom:audio-encoder-webm-vorbis: bf7c407c2cedff20999df2af8eb42d56 -> 
========================================================================
Received Prepare
Registering precompiled user dll's ...
Registered in 0.008052 seconds.
Begin MonoManager ReloadAssembly
Native extension for WindowsStandalone target not found
Refreshing native plugins compatible for Editor in 0.33 ms, found 2 plugins.
Preloading 0 native plugins for Editor in 0.00 ms.
Mono: successfully reloaded assembly
- Completed reload, in  1.099 seconds
Platform modules already initialized, skipping
Refreshing native plugins compatible for Editor in 0.36 ms, found 2 plugins.
Preloading 0 native plugins for Editor in 0.00 ms.
Unloading 1400 Unused Serialized files (Serialized files now loaded: 0)
System memory in use before: 83.4 MB.
System memory in use after: 83.5 MB.

Unloading 14 unused Assets to reduce memory usage. Loaded Objects now: 1936.
Total: 2.418700 ms (FindLiveObjects: 0.143300 ms CreateObjectMapping: 0.043300 ms MarkObjects: 2.127600 ms  DeleteObjects: 0.103600 ms)

AssetImportParameters requested are different than current active one (requested -> active):
  custom:framework-win-MediaFoundation: 216162199b28c13a410421893ffa2e32 -> 
  custom:video-decoder-ogg-theora: a1e56fd34408186e4bbccfd4996cb3dc -> 
  custom:container-muxer-webm: aa71ff27fc2769a1b78a27578f13a17b -> 
  custom:container-demuxer-webm: 4f35f7cbe854078d1ac9338744f61a02 -> 
  custom:container-demuxer-ogg: 62fdf1f143b41e24485cea50d1cbac27 -> 
  custom:video-encoder-webm-vp8: eb34c28f22e8b96e1ab97ce403110664 -> 
  custom:video-decoder-webm-vp8: 9c59270c3fd7afecdb556c50c9e8de78 -> 
  custom:audio-decoder-ogg-vorbis: bf7c407c2cedff20999df2af8eb42d56 -> 
  custom:audio-encoder-webm-vorbis: bf7c407c2cedff20999df2af8eb42d56 -> 
========================================================================
Received Prepare
Registering precompiled user dll's ...
Registered in 0.005920 seconds.
Begin MonoManager ReloadAssembly
Native extension for WindowsStandalone target not found
Refreshing native plugins compatible for Editor in 0.33 ms, found 2 plugins.
Preloading 0 native plugins for Editor in 0.00 ms.
Mono: successfully reloaded assembly
- Completed reload, in  1.218 seconds
Platform modules already initialized, skipping
Refreshing native plugins compatible for Editor in 0.37 ms, found 2 plugins.
Preloading 0 native plugins for Editor in 0.00 ms.
Unloading 1400 Unused Serialized files (Serialized files now loaded: 0)
System memory in use before: 83.4 MB.
System memory in use after: 83.5 MB.

Unloading 14 unused Assets to reduce memory usage. Loaded Objects now: 1939.
Total: 2.496000 ms (FindLiveObjects: 0.142200 ms CreateObjectMapping: 0.041300 ms MarkObjects: 2.202400 ms  DeleteObjects: 0.109000 ms)

AssetImportParameters requested are different than current active one (requested -> active):
  custom:framework-win-MediaFoundation: 216162199b28c13a410421893ffa2e32 -> 
  custom:video-decoder-ogg-theora: a1e56fd34408186e4bbccfd4996cb3dc -> 
  custom:container-muxer-webm: aa71ff27fc2769a1b78a27578f13a17b -> 
  custom:container-demuxer-webm: 4f35f7cbe854078d1ac9338744f61a02 -> 
  custom:container-demuxer-ogg: 62fdf1f143b41e24485cea50d1cbac27 -> 
  custom:video-encoder-webm-vp8: eb34c28f22e8b96e1ab97ce403110664 -> 
  custom:video-decoder-webm-vp8: 9c59270c3fd7afecdb556c50c9e8de78 -> 
  custom:audio-decoder-ogg-vorbis: bf7c407c2cedff20999df2af8eb42d56 -> 
  custom:audio-encoder-webm-vorbis: bf7c407c2cedff20999df2af8eb42d56 -> 
========================================================================
Received Import Request.
  Time since last request: 2523.529765 seconds.
  path: Assets/Sounds/Break Sounds
  artifactKey: Guid(dbfba3376007eb848b010fcb9949910c) Importer(815301076,1909f56bfc062723c751e8b465ee728b)
Start importing Assets/Sounds/Break Sounds using Guid(dbfba3376007eb848b010fcb9949910c) Importer(815301076,1909f56bfc062723c751e8b465ee728b)  -> (artifact id: '3d4a150d7b108551ee0afd8ba7a5ccdd') in 0.010090 seconds 
  Import took 0.015267 seconds .

========================================================================
Received Import Request.
  Time since last request: 0.002457 seconds.
  path: Assets/Sounds/Break Sounds
  artifactKey: Guid(dbfba3376007eb848b010fcb9949910c) Importer(815301076,1909f56bfc062723c751e8b465ee728b)
Start importing Assets/Sounds/Break Sounds using Guid(dbfba3376007eb848b010fcb9949910c) Importer(815301076,1909f56bfc062723c751e8b465ee728b)  -> (artifact id: '3d4a150d7b108551ee0afd8ba7a5ccdd') in 0.004333 seconds 
  Import took 0.007067 seconds .

========================================================================
Received Import Request.
  Time since last request: 4.636253 seconds.
  path: Assets/Sounds/Break Sounds/Wood
  artifactKey: Guid(c2b3c02de1184f04a936cad771d9c4d3) Importer(815301076,1909f56bfc062723c751e8b465ee728b)
Start importing Assets/Sounds/Break Sounds/Wood using Guid(c2b3c02de1184f04a936cad771d9c4d3) Importer(815301076,1909f56bfc062723c751e8b465ee728b)  -> (artifact id: 'f49513b272b0e12d957c9bae15f7f4bb') in 0.005428 seconds 
  Import took 0.008386 seconds .

========================================================================
Received Import Request.
  Time since last request: 6.482059 seconds.
  path: Assets/Sounds/Break Sounds/Wood/Wood Break 1.wav
  artifactKey: Guid(cdb9d4629e0e2e34e8d4c5c1976ee970) Importer(815301076,1909f56bfc062723c751e8b465ee728b)
Start importing Assets/Sounds/Break Sounds/Wood/Wood Break 1.wav using Guid(cdb9d4629e0e2e34e8d4c5c1976ee970) Importer(815301076,1909f56bfc062723c751e8b465ee728b)  -> (artifact id: 'bfb44fc8f66f5fd2a1102fa073d5fe79') in 0.134229 seconds 
  Import took 0.139227 seconds .

========================================================================
Received Import Request.
  Time since last request: 0.000274 seconds.
  path: Assets/Sounds/Break Sounds/Wood/Wood Break 4.wav
  artifactKey: Guid(c26a4097c7f6276479ee5aef80e74321) Importer(815301076,1909f56bfc062723c751e8b465ee728b)
Start importing Assets/Sounds/Break Sounds/Wood/Wood Break 4.wav using Guid(c26a4097c7f6276479ee5aef80e74321) Importer(815301076,1909f56bfc062723c751e8b465ee728b)  -> (artifact id: 'dd7df9da6780c4119035b43fdbd62522') in 0.009764 seconds 
  Import took 0.013253 seconds .

========================================================================
Received Import Request.
  Time since last request: 0.000271 seconds.
  path: Assets/Sounds/Break Sounds/Wood/Wood Break 2.wav
  artifactKey: Guid(ffc20362f4d40184c8b270138123fb43) Importer(815301076,1909f56bfc062723c751e8b465ee728b)
Start importing Assets/Sounds/Break Sounds/Wood/Wood Break 2.wav using Guid(ffc20362f4d40184c8b270138123fb43) Importer(815301076,1909f56bfc062723c751e8b465ee728b)  -> (artifact id: '13e3d925699549ff2484c1935590b740') in 0.012357 seconds 
  Import took 0.015523 seconds .

========================================================================
Received Import Request.
  Time since last request: 0.000290 seconds.
  path: Assets/Sounds/Break Sounds/Wood/Wood Break 5.wav
  artifactKey: Guid(2027091212b97b2469dd3d25180dd5c8) Importer(815301076,1909f56bfc062723c751e8b465ee728b)
Start importing Assets/Sounds/Break Sounds/Wood/Wood Break 5.wav using Guid(2027091212b97b2469dd3d25180dd5c8) Importer(815301076,1909f56bfc062723c751e8b465ee728b)  -> (artifact id: '1a3e803a2df57906dd21b7d2666bd010') in 0.009612 seconds 
  Import took 0.012522 seconds .

========================================================================
Received Import Request.
  Time since last request: 0.000281 seconds.
  path: Assets/Sounds/Break Sounds/Wood/Wood Break 3.wav
  artifactKey: Guid(1968fb842405a2846a332d3ac22edeba) Importer(815301076,1909f56bfc062723c751e8b465ee728b)
Start importing Assets/Sounds/Break Sounds/Wood/Wood Break 3.wav using Guid(1968fb842405a2846a332d3ac22edeba) Importer(815301076,1909f56bfc062723c751e8b465ee728b)  -> (artifact id: '9acf0abe416ffcf908255f71be5530f8') in 0.012829 seconds 
  Import took 0.017441 seconds .

========================================================================
Received Prepare
Registering precompiled user dll's ...
Registered in 0.006460 seconds.
Begin MonoManager ReloadAssembly
Native extension for WindowsStandalone target not found
Refreshing native plugins compatible for Editor in 0.41 ms, found 2 plugins.
Preloading 0 native plugins for Editor in 0.00 ms.
Mono: successfully reloaded assembly
- Completed reload, in  1.346 seconds
Platform modules already initialized, skipping
Refreshing native plugins compatible for Editor in 0.36 ms, found 2 plugins.
Preloading 0 native plugins for Editor in 0.00 ms.
Unloading 1400 Unused Serialized files (Serialized files now loaded: 0)
System memory in use before: 83.5 MB.
System memory in use after: 83.6 MB.

Unloading 14 unused Assets to reduce memory usage. Loaded Objects now: 1945.
Total: 2.458100 ms (FindLiveObjects: 0.162400 ms CreateObjectMapping: 0.051600 ms MarkObjects: 2.172500 ms  DeleteObjects: 0.070100 ms)

AssetImportParameters requested are different than current active one (requested -> active):
  custom:framework-win-MediaFoundation: 216162199b28c13a410421893ffa2e32 -> 
  custom:video-decoder-ogg-theora: a1e56fd34408186e4bbccfd4996cb3dc -> 
  custom:container-muxer-webm: aa71ff27fc2769a1b78a27578f13a17b -> 
  custom:container-demuxer-webm: 4f35f7cbe854078d1ac9338744f61a02 -> 
  custom:container-demuxer-ogg: 62fdf1f143b41e24485cea50d1cbac27 -> 
  custom:video-encoder-webm-vp8: eb34c28f22e8b96e1ab97ce403110664 -> 
  custom:video-decoder-webm-vp8: 9c59270c3fd7afecdb556c50c9e8de78 -> 
  custom:audio-decoder-ogg-vorbis: bf7c407c2cedff20999df2af8eb42d56 -> 
  custom:audio-encoder-webm-vorbis: bf7c407c2cedff20999df2af8eb42d56 -> 
========================================================================
Received Import Request.
  Time since last request: 369.081831 seconds.
  path: Assets/Sounds/Break Sounds/Wood/wood_break1.wav
  artifactKey: Guid(cdb9d4629e0e2e34e8d4c5c1976ee970) Importer(815301076,1909f56bfc062723c751e8b465ee728b)
Start importing Assets/Sounds/Break Sounds/Wood/wood_break1.wav using Guid(cdb9d4629e0e2e34e8d4c5c1976ee970) Importer(815301076,1909f56bfc062723c751e8b465ee728b)  -> (artifact id: 'ee9fa96d4a6b288232739467c0935a35') in 0.061144 seconds 
  Import took 0.065216 seconds .

========================================================================
Received Import Request.
  Time since last request: 7.183590 seconds.
  path: Assets/Sounds/Break Sounds/Wood/wood_break5.wav
  artifactKey: Guid(2027091212b97b2469dd3d25180dd5c8) Importer(815301076,1909f56bfc062723c751e8b465ee728b)
Start importing Assets/Sounds/Break Sounds/Wood/wood_break5.wav using Guid(2027091212b97b2469dd3d25180dd5c8) Importer(815301076,1909f56bfc062723c751e8b465ee728b)  -> (artifact id: '6e8febed59fbb6b1d9fda375aee5b193') in 0.024731 seconds 
  Import took 0.028398 seconds .

========================================================================
Received Import Request.
  Time since last request: 4.105224 seconds.
  path: Assets/Sounds/Break Sounds/Wood/wood_break4.wav
  artifactKey: Guid(c26a4097c7f6276479ee5aef80e74321) Importer(815301076,1909f56bfc062723c751e8b465ee728b)
Start importing Assets/Sounds/Break Sounds/Wood/wood_break4.wav using Guid(c26a4097c7f6276479ee5aef80e74321) Importer(815301076,1909f56bfc062723c751e8b465ee728b)  -> (artifact id: '8151f1d7c296c0dda8d6564f6ff2cfaa') in 0.024361 seconds 
  Import took 0.028004 seconds .

========================================================================
Received Import Request.
  Time since last request: 3.736966 seconds.
  path: Assets/Sounds/Break Sounds/Wood/wood_break3.wav
  artifactKey: Guid(1968fb842405a2846a332d3ac22edeba) Importer(815301076,1909f56bfc062723c751e8b465ee728b)
Start importing Assets/Sounds/Break Sounds/Wood/wood_break3.wav using Guid(1968fb842405a2846a332d3ac22edeba) Importer(815301076,1909f56bfc062723c751e8b465ee728b)  -> (artifact id: '1e20bf0e230c22b6125408e7bc2f8f9d') in 0.024787 seconds 
  Import took 0.028909 seconds .

========================================================================
Received Import Request.
  Time since last request: 3.748960 seconds.
  path: Assets/Sounds/Break Sounds/Wood/wood_break2.wav
  artifactKey: Guid(ffc20362f4d40184c8b270138123fb43) Importer(815301076,1909f56bfc062723c751e8b465ee728b)
Start importing Assets/Sounds/Break Sounds/Wood/wood_break2.wav using Guid(ffc20362f4d40184c8b270138123fb43) Importer(815301076,1909f56bfc062723c751e8b465ee728b)  -> (artifact id: 'eccc466b1bd353e7ad5d46e0385babb7') in 0.026661 seconds 
  Import took 0.030808 seconds .

========================================================================
Received Prepare
Registering precompiled user dll's ...
Registered in 0.006517 seconds.
Begin MonoManager ReloadAssembly
Native extension for WindowsStandalone target not found
Refreshing native plugins compatible for Editor in 0.43 ms, found 2 plugins.
Preloading 0 native plugins for Editor in 0.00 ms.
Mono: successfully reloaded assembly
- Completed reload, in  1.195 seconds
Platform modules already initialized, skipping
Refreshing native plugins compatible for Editor in 0.35 ms, found 2 plugins.
Preloading 0 native plugins for Editor in 0.00 ms.
Unloading 1400 Unused Serialized files (Serialized files now loaded: 0)
System memory in use before: 83.5 MB.
System memory in use after: 83.6 MB.

Unloading 14 unused Assets to reduce memory usage. Loaded Objects now: 1949.
Total: 1.981300 ms (FindLiveObjects: 0.142800 ms CreateObjectMapping: 0.042800 ms MarkObjects: 1.720700 ms  DeleteObjects: 0.074100 ms)

AssetImportParameters requested are different than current active one (requested -> active):
  custom:framework-win-MediaFoundation: 216162199b28c13a410421893ffa2e32 -> 
  custom:video-decoder-ogg-theora: a1e56fd34408186e4bbccfd4996cb3dc -> 
  custom:container-muxer-webm: aa71ff27fc2769a1b78a27578f13a17b -> 
  custom:container-demuxer-webm: 4f35f7cbe854078d1ac9338744f61a02 -> 
  custom:container-demuxer-ogg: 62fdf1f143b41e24485cea50d1cbac27 -> 
  custom:video-encoder-webm-vp8: eb34c28f22e8b96e1ab97ce403110664 -> 
  custom:video-decoder-webm-vp8: 9c59270c3fd7afecdb556c50c9e8de78 -> 
  custom:audio-decoder-ogg-vorbis: bf7c407c2cedff20999df2af8eb42d56 -> 
  custom:audio-encoder-webm-vorbis: bf7c407c2cedff20999df2af8eb42d56 -> 
========================================================================
Received Prepare
Registering precompiled user dll's ...
Registered in 0.007537 seconds.
Begin MonoManager ReloadAssembly
Native extension for WindowsStandalone target not found
Refreshing native plugins compatible for Editor in 0.37 ms, found 2 plugins.
Preloading 0 native plugins for Editor in 0.00 ms.
Mono: successfully reloaded assembly
- Completed reload, in  1.714 seconds
Platform modules already initialized, skipping
Refreshing native plugins compatible for Editor in 0.45 ms, found 2 plugins.
Preloading 0 native plugins for Editor in 0.00 ms.
Unloading 1400 Unused Serialized files (Serialized files now loaded: 0)
System memory in use before: 83.5 MB.
System memory in use after: 83.6 MB.

Unloading 14 unused Assets to reduce memory usage. Loaded Objects now: 1952.
Total: 3.304100 ms (FindLiveObjects: 0.151200 ms CreateObjectMapping: 0.046300 ms MarkObjects: 2.998500 ms  DeleteObjects: 0.106600 ms)

AssetImportParameters requested are different than current active one (requested -> active):
  custom:framework-win-MediaFoundation: 216162199b28c13a410421893ffa2e32 -> 
  custom:video-decoder-ogg-theora: a1e56fd34408186e4bbccfd4996cb3dc -> 
  custom:container-muxer-webm: aa71ff27fc2769a1b78a27578f13a17b -> 
  custom:container-demuxer-webm: 4f35f7cbe854078d1ac9338744f61a02 -> 
  custom:container-demuxer-ogg: 62fdf1f143b41e24485cea50d1cbac27 -> 
  custom:video-encoder-webm-vp8: eb34c28f22e8b96e1ab97ce403110664 -> 
  custom:video-decoder-webm-vp8: 9c59270c3fd7afecdb556c50c9e8de78 -> 
  custom:audio-decoder-ogg-vorbis: bf7c407c2cedff20999df2af8eb42d56 -> 
  custom:audio-encoder-webm-vorbis: bf7c407c2cedff20999df2af8eb42d56 -> 
